\BOOKMARK [0][-]{chapter.1}{Introduction and purposes}{}% 1
\BOOKMARK [1][-]{section.1.1}{CGoGN}{chapter.1}% 2
\BOOKMARK [2][-]{subsection.1.1.1}{What is CGoGN library ?}{section.1.1}% 3
\BOOKMARK [2][-]{subsection.1.1.2}{CGoGN and visualization?}{section.1.1}% 4
\BOOKMARK [1][-]{section.1.2}{The project}{chapter.1}% 5
\BOOKMARK [2][-]{subsection.1.2.1}{CGoGN in space?}{section.1.2}% 6
\BOOKMARK [2][-]{subsection.1.2.2}{Plugins and CGoGN?}{section.1.2}% 7
\BOOKMARK [0][-]{chapter.2}{The project}{}% 8
\BOOKMARK [1][-]{section.2.1}{Work}{chapter.2}% 9
\BOOKMARK [2][-]{subsection.2.1.1}{Specifications}{section.2.1}% 10
\BOOKMARK [2][-]{subsection.2.1.2}{Additional features}{section.2.1}% 11
\BOOKMARK [2][-]{subsection.2.1.3}{Third party libraries}{section.2.1}% 12
\BOOKMARK [1][-]{section.2.2}{Quick presentation}{chapter.2}% 13
\BOOKMARK [2][-]{subsection.2.2.1}{The main application}{section.2.2}% 14
\BOOKMARK [2][-]{subsection.2.2.2}{The import plugin}{section.2.2}% 15
\BOOKMARK [2][-]{subsection.2.2.3}{The camera path plugin}{section.2.2}% 16
\BOOKMARK [0][-]{chapter.3}{How to write plugins?}{}% 17
\BOOKMARK [1][-]{section.3.1}{Basics and concepts}{chapter.3}% 18
\BOOKMARK [2][-]{subsection.3.1.1}{Visualization concepts}{section.3.1}% 19
\BOOKMARK [2][-]{subsection.3.1.2}{The first plugin}{section.3.1}% 20
\BOOKMARK [2][-]{subsection.3.1.3}{Tricks and advice}{section.3.1}% 21
\BOOKMARK [1][-]{section.3.2}{Going further\203}{chapter.3}% 22
\BOOKMARK [2][-]{subsection.3.2.1}{Few words on plugins}{section.3.2}% 23
\BOOKMARK [2][-]{subsection.3.2.2}{Objects and visualization plugins}{section.3.2}% 24
\BOOKMARK [2][-]{subsection.3.2.3}{GUI and user interactions}{section.3.2}% 25
\BOOKMARK [2][-]{subsection.3.2.4}{Maps and VBOs}{section.3.2}% 26
