This is pdfTeX, Version 3.1415926-2.4-1.40.13 (TeX Live 2012/Debian) (format=pdflatex 2012.11.5)  5 NOV 2012 15:13
entering extended mode
 restricted \write18 enabled.
 %&-line parsing enabled.
**overview.tex
(./overview.tex
LaTeX2e <2011/06/27>
Babel <v3.8m> and hyphenation patterns for english, dumylang, nohyphenation, lo
aded.
(/usr/share/texlive/texmf-dist/tex/latex/koma-script/scrreprt.cls
Document Class: scrreprt 2012/05/15 v3.11 KOMA-Script document class (report)
(/usr/share/texlive/texmf-dist/tex/latex/koma-script/scrkbase.sty
Package: scrkbase 2012/05/15 v3.11 KOMA-Script package (KOMA-Script-dependent b
asics and keyval usage)

(/usr/share/texlive/texmf-dist/tex/latex/koma-script/scrbase.sty
Package: scrbase 2012/05/15 v3.11 KOMA-Script package (KOMA-Script-independent 
basics and keyval usage)

(/usr/share/texlive/texmf-dist/tex/latex/graphics/keyval.sty
Package: keyval 1999/03/16 v1.13 key=value parser (DPC)
\KV@toks@=\toks14
)
(/usr/share/texlive/texmf-dist/tex/latex/koma-script/scrlfile.sty
Package: scrlfile 2011/03/09 v3.09 KOMA-Script package (loading files)

Package scrlfile, 2011/03/09 v3.09 KOMA-Script package (loading files)
                  Copyright (C) Markus Kohm

))) (/usr/share/texlive/texmf-dist/tex/latex/koma-script/tocbasic.sty
Package: tocbasic 2012/04/04 v3.10b KOMA-Script package (handling toc-files)
)
Package tocbasic Info: omitting babel extension for `toc'
(tocbasic)             because of feature `nobabel' available
(tocbasic)             for `toc' on input line 117.
Package tocbasic Info: omitting babel extension for `lof'
(tocbasic)             because of feature `nobabel' available
(tocbasic)             for `lof' on input line 118.
Package tocbasic Info: omitting babel extension for `lot'
(tocbasic)             because of feature `nobabel' available
(tocbasic)             for `lot' on input line 119.
Class scrreprt Info: File `scrsize11pt.clo' used instead of
(scrreprt)           file `scrsize11.clo' to setup font sizes on input line 136
5.

(/usr/share/texlive/texmf-dist/tex/latex/koma-script/scrsize11pt.clo
File: scrsize11pt.clo 2012/05/15 v3.11 KOMA-Script font size class option (11pt
)
)
(/usr/share/texlive/texmf-dist/tex/latex/koma-script/typearea.sty
Package: typearea 2012/05/15 v3.11 KOMA-Script package (type area)

Package typearea, 2012/05/15 v3.11 KOMA-Script package (type area)
                  Copyright (C) Frank Neukam, 1992-1994
                  Copyright (C) Markus Kohm, 1994-

\ta@bcor=\skip41
\ta@div=\count79
Package typearea Info: You've used standard option `a4paper'.
(typearea)             This is correct!
(typearea)             Internally I'm using `paper=a4'.
(typearea)             If you'd like to set the option with \KOMAoptions,
(typearea)             you'd have to use `paper=a4' there
(typearea)             instead of `a4paper', too.
\ta@hblk=\skip42
\ta@vblk=\skip43
\ta@temp=\skip44
Package typearea Info: These are the values describing the layout:
(typearea)             DIV  = 10
(typearea)             BCOR = 0.0pt
(typearea)             \paperwidth      = 597.50793pt
(typearea)              \textwidth      = 418.25555pt
(typearea)              DIV departure   = -6%
(typearea)              \evensidemargin = 17.3562pt
(typearea)              \oddsidemargin  = 17.3562pt
(typearea)             \paperheight     = 845.04694pt
(typearea)              \textheight     = 595.80026pt
(typearea)              \topmargin      = -25.16531pt
(typearea)              \headheight     = 17.0pt
(typearea)              \headsep        = 20.40001pt
(typearea)              \topskip        = 11.0pt
(typearea)              \footskip       = 47.60002pt
(typearea)              \baselineskip   = 13.6pt
(typearea)              on input line 1211.
)
\c@part=\count80
\c@chapter=\count81
\c@section=\count82
\c@subsection=\count83
\c@subsubsection=\count84
\c@paragraph=\count85
\c@subparagraph=\count86
\abovecaptionskip=\skip45
\belowcaptionskip=\skip46
\c@pti@nb@sid@b@x=\box26
\c@figure=\count87
\c@table=\count88
\bibindent=\dimen102
) (/usr/share/texlive/texmf-dist/tex/latex/listings/listings.sty
\lst@mode=\count89
\lst@gtempboxa=\box27
\lst@token=\toks15
\lst@length=\count90
\lst@currlwidth=\dimen103
\lst@column=\count91
\lst@pos=\count92
\lst@lostspace=\dimen104
\lst@width=\dimen105
\lst@newlines=\count93
\lst@lineno=\count94
\lst@maxwidth=\dimen106

(/usr/share/texlive/texmf-dist/tex/latex/listings/lstmisc.sty
File: lstmisc.sty 2007/02/22 1.4 (Carsten Heinz)
\c@lstnumber=\count95
\lst@skipnumbers=\count96
\lst@framebox=\box28
)
(/usr/share/texlive/texmf-dist/tex/latex/listings/listings.cfg
File: listings.cfg 2007/02/22 1.4 listings configuration
))
Package: listings 2007/02/22 1.4 (Carsten Heinz)

(/usr/share/texlive/texmf-dist/tex/latex/graphics/color.sty
Package: color 2005/11/14 v1.0j Standard LaTeX Color (DPC)

(/usr/share/texlive/texmf-dist/tex/latex/latexconfig/color.cfg
File: color.cfg 2007/01/18 v1.5 color configuration of teTeX/TeXLive
)
Package color Info: Driver file: pdftex.def on input line 130.

(/usr/share/texlive/texmf-dist/tex/latex/pdftex-def/pdftex.def
File: pdftex.def 2011/05/27 v0.06d Graphics/color for pdfTeX

(/usr/share/texlive/texmf-dist/tex/generic/oberdiek/infwarerr.sty
Package: infwarerr 2010/04/08 v1.3 Providing info/warning/error messages (HO)
)
(/usr/share/texlive/texmf-dist/tex/generic/oberdiek/ltxcmds.sty
Package: ltxcmds 2011/11/09 v1.22 LaTeX kernel commands for general use (HO)
)
\Gread@gobject=\count97
))
(/usr/share/texlive/texmf-dist/tex/latex/base/textcomp.sty
Package: textcomp 2005/09/27 v1.99g Standard LaTeX package
Package textcomp Info: Sub-encoding information:
(textcomp)               5 = only ISO-Adobe without \textcurrency
(textcomp)               4 = 5 + \texteuro
(textcomp)               3 = 4 + \textohm
(textcomp)               2 = 3 + \textestimated + \textcurrency
(textcomp)               1 = TS1 - \textcircled - \t
(textcomp)               0 = TS1 (full)
(textcomp)             Font families with sub-encoding setting implement
(textcomp)             only a restricted character set as indicated.
(textcomp)             Family '?' is the default used for unknown fonts.
(textcomp)             See the documentation for details.
Package textcomp Info: Setting ? sub-encoding to TS1/1 on input line 71.

(/usr/share/texlive/texmf-dist/tex/latex/base/ts1enc.def
File: ts1enc.def 2001/06/05 v3.0e (jk/car/fm) Standard LaTeX file
)
LaTeX Info: Redefining \oldstylenums on input line 266.
Package textcomp Info: Setting cmr sub-encoding to TS1/0 on input line 281.
Package textcomp Info: Setting cmss sub-encoding to TS1/0 on input line 282.
Package textcomp Info: Setting cmtt sub-encoding to TS1/0 on input line 283.
Package textcomp Info: Setting cmvtt sub-encoding to TS1/0 on input line 284.
Package textcomp Info: Setting cmbr sub-encoding to TS1/0 on input line 285.
Package textcomp Info: Setting cmtl sub-encoding to TS1/0 on input line 286.
Package textcomp Info: Setting ccr sub-encoding to TS1/0 on input line 287.
Package textcomp Info: Setting ptm sub-encoding to TS1/4 on input line 288.
Package textcomp Info: Setting pcr sub-encoding to TS1/4 on input line 289.
Package textcomp Info: Setting phv sub-encoding to TS1/4 on input line 290.
Package textcomp Info: Setting ppl sub-encoding to TS1/3 on input line 291.
Package textcomp Info: Setting pag sub-encoding to TS1/4 on input line 292.
Package textcomp Info: Setting pbk sub-encoding to TS1/4 on input line 293.
Package textcomp Info: Setting pnc sub-encoding to TS1/4 on input line 294.
Package textcomp Info: Setting pzc sub-encoding to TS1/4 on input line 295.
Package textcomp Info: Setting bch sub-encoding to TS1/4 on input line 296.
Package textcomp Info: Setting put sub-encoding to TS1/5 on input line 297.
Package textcomp Info: Setting uag sub-encoding to TS1/5 on input line 298.
Package textcomp Info: Setting ugq sub-encoding to TS1/5 on input line 299.
Package textcomp Info: Setting ul8 sub-encoding to TS1/4 on input line 300.
Package textcomp Info: Setting ul9 sub-encoding to TS1/4 on input line 301.
Package textcomp Info: Setting augie sub-encoding to TS1/5 on input line 302.
Package textcomp Info: Setting dayrom sub-encoding to TS1/3 on input line 303.
Package textcomp Info: Setting dayroms sub-encoding to TS1/3 on input line 304.

Package textcomp Info: Setting pxr sub-encoding to TS1/0 on input line 305.
Package textcomp Info: Setting pxss sub-encoding to TS1/0 on input line 306.
Package textcomp Info: Setting pxtt sub-encoding to TS1/0 on input line 307.
Package textcomp Info: Setting txr sub-encoding to TS1/0 on input line 308.
Package textcomp Info: Setting txss sub-encoding to TS1/0 on input line 309.
Package textcomp Info: Setting txtt sub-encoding to TS1/0 on input line 310.
Package textcomp Info: Setting lmr sub-encoding to TS1/0 on input line 311.
Package textcomp Info: Setting lmdh sub-encoding to TS1/0 on input line 312.
Package textcomp Info: Setting lmss sub-encoding to TS1/0 on input line 313.
Package textcomp Info: Setting lmssq sub-encoding to TS1/0 on input line 314.
Package textcomp Info: Setting lmvtt sub-encoding to TS1/0 on input line 315.
Package textcomp Info: Setting qhv sub-encoding to TS1/0 on input line 316.
Package textcomp Info: Setting qag sub-encoding to TS1/0 on input line 317.
Package textcomp Info: Setting qbk sub-encoding to TS1/0 on input line 318.
Package textcomp Info: Setting qcr sub-encoding to TS1/0 on input line 319.
Package textcomp Info: Setting qcs sub-encoding to TS1/0 on input line 320.
Package textcomp Info: Setting qpl sub-encoding to TS1/0 on input line 321.
Package textcomp Info: Setting qtm sub-encoding to TS1/0 on input line 322.
Package textcomp Info: Setting qzc sub-encoding to TS1/0 on input line 323.
Package textcomp Info: Setting qhvc sub-encoding to TS1/0 on input line 324.
Package textcomp Info: Setting futs sub-encoding to TS1/4 on input line 325.
Package textcomp Info: Setting futx sub-encoding to TS1/4 on input line 326.
Package textcomp Info: Setting futj sub-encoding to TS1/4 on input line 327.
Package textcomp Info: Setting hlh sub-encoding to TS1/3 on input line 328.
Package textcomp Info: Setting hls sub-encoding to TS1/3 on input line 329.
Package textcomp Info: Setting hlst sub-encoding to TS1/3 on input line 330.
Package textcomp Info: Setting hlct sub-encoding to TS1/5 on input line 331.
Package textcomp Info: Setting hlx sub-encoding to TS1/5 on input line 332.
Package textcomp Info: Setting hlce sub-encoding to TS1/5 on input line 333.
Package textcomp Info: Setting hlcn sub-encoding to TS1/5 on input line 334.
Package textcomp Info: Setting hlcw sub-encoding to TS1/5 on input line 335.
Package textcomp Info: Setting hlcf sub-encoding to TS1/5 on input line 336.
Package textcomp Info: Setting pplx sub-encoding to TS1/3 on input line 337.
Package textcomp Info: Setting pplj sub-encoding to TS1/3 on input line 338.
Package textcomp Info: Setting ptmx sub-encoding to TS1/4 on input line 339.
Package textcomp Info: Setting ptmj sub-encoding to TS1/4 on input line 340.
)
(/usr/share/texlive/texmf-dist/tex/latex/hyperref/hyperref.sty
Package: hyperref 2012/05/13 v6.82q Hypertext links for LaTeX

(/usr/share/texlive/texmf-dist/tex/generic/oberdiek/hobsub-hyperref.sty
Package: hobsub-hyperref 2012/05/28 v1.13 Bundle oberdiek, subset hyperref (HO)


(/usr/share/texlive/texmf-dist/tex/generic/oberdiek/hobsub-generic.sty
Package: hobsub-generic 2012/05/28 v1.13 Bundle oberdiek, subset generic (HO)
Package: hobsub 2012/05/28 v1.13 Construct package bundles (HO)
Package hobsub Info: Skipping package `infwarerr' (already loaded).
Package hobsub Info: Skipping package `ltxcmds' (already loaded).
Package: ifluatex 2010/03/01 v1.3 Provides the ifluatex switch (HO)
Package ifluatex Info: LuaTeX not detected.
Package: ifvtex 2010/03/01 v1.5 Detect VTeX and its facilities (HO)
Package ifvtex Info: VTeX not detected.
Package: intcalc 2007/09/27 v1.1 Expandable calculations with integers (HO)
Package: ifpdf 2011/01/30 v2.3 Provides the ifpdf switch (HO)
Package ifpdf Info: pdfTeX in PDF mode is detected.
Package: etexcmds 2011/02/16 v1.5 Avoid name clashes with e-TeX commands (HO)
Package etexcmds Info: Could not find \expanded.
(etexcmds)             That can mean that you are not using pdfTeX 1.50 or
(etexcmds)             that some package has redefined \expanded.
(etexcmds)             In the latter case, load this package earlier.
Package: kvsetkeys 2012/04/25 v1.16 Key value parser (HO)
Package: kvdefinekeys 2011/04/07 v1.3 Define keys (HO)
Package: pdftexcmds 2011/11/29 v0.20 Utility functions of pdfTeX for LuaTeX (HO
)
Package pdftexcmds Info: LuaTeX not detected.
Package pdftexcmds Info: \pdf@primitive is available.
Package pdftexcmds Info: \pdf@ifprimitive is available.
Package pdftexcmds Info: \pdfdraftmode found.
Package: pdfescape 2011/11/25 v1.13 Implements pdfTeX's escape features (HO)
Package: bigintcalc 2012/04/08 v1.3 Expandable calculations on big integers (HO
)
Package: bitset 2011/01/30 v1.1 Handle bit-vector datatype (HO)
Package: uniquecounter 2011/01/30 v1.2 Provide unlimited unique counter (HO)
)
Package hobsub Info: Skipping package `hobsub' (already loaded).
Package: letltxmacro 2010/09/02 v1.4 Let assignment for LaTeX macros (HO)
Package: hopatch 2012/05/28 v1.2 Wrapper for package hooks (HO)
Package: xcolor-patch 2011/01/30 xcolor patch
Package: atveryend 2011/06/30 v1.8 Hooks at the very end of document (HO)
Package atveryend Info: \enddocument detected (standard20110627).
Package: atbegshi 2011/10/05 v1.16 At begin shipout hook (HO)
Package: refcount 2011/10/16 v3.4 Data extraction from label references (HO)
Package: hycolor 2011/01/30 v1.7 Color options for hyperref/bookmark (HO)
)
(/usr/share/texlive/texmf-dist/tex/generic/ifxetex/ifxetex.sty
Package: ifxetex 2010/09/12 v0.6 Provides ifxetex conditional
)
(/usr/share/texlive/texmf-dist/tex/latex/oberdiek/kvoptions.sty
Package: kvoptions 2011/06/30 v3.11 Key value format for package options (HO)
)
\@linkdim=\dimen107
\Hy@linkcounter=\count98
\Hy@pagecounter=\count99

(/usr/share/texlive/texmf-dist/tex/latex/hyperref/pd1enc.def
File: pd1enc.def 2012/05/13 v6.82q Hyperref: PDFDocEncoding definition (HO)
)
\Hy@SavedSpaceFactor=\count100

(/usr/share/texlive/texmf-dist/tex/latex/latexconfig/hyperref.cfg
File: hyperref.cfg 2002/06/06 v1.2 hyperref configuration of TeXLive
)
Package hyperref Info: Hyper figures OFF on input line 4062.
Package hyperref Info: Link nesting OFF on input line 4067.
Package hyperref Info: Hyper index ON on input line 4070.
Package hyperref Info: Plain pages OFF on input line 4077.
Package hyperref Info: Backreferencing OFF on input line 4082.
Package hyperref Info: Implicit mode ON; LaTeX internals redefined.
Package hyperref Info: Bookmarks ON on input line 4300.
\c@Hy@tempcnt=\count101

(/usr/share/texlive/texmf-dist/tex/latex/url/url.sty
\Urlmuskip=\muskip10
Package: url 2006/04/12  ver 3.3  Verb mode for urls, etc.
)
LaTeX Info: Redefining \url on input line 4653.
\Fld@menulength=\count102
\Field@Width=\dimen108
\Fld@charsize=\dimen109
Package hyperref Info: Hyper figures OFF on input line 5773.
Package hyperref Info: Link nesting OFF on input line 5778.
Package hyperref Info: Hyper index ON on input line 5781.
Package hyperref Info: backreferencing OFF on input line 5788.
Package hyperref Info: Link coloring OFF on input line 5793.
Package hyperref Info: Link coloring with OCG OFF on input line 5798.
Package hyperref Info: PDF/A mode OFF on input line 5803.
LaTeX Info: Redefining \ref on input line 5843.
LaTeX Info: Redefining \pageref on input line 5847.
\Hy@abspage=\count103
\c@Item=\count104
\c@Hfootnote=\count105
)

Package hyperref Message: Driver (autodetected): hpdftex.

(/usr/share/texlive/texmf-dist/tex/latex/hyperref/hpdftex.def
File: hpdftex.def 2012/05/13 v6.82q Hyperref driver for pdfTeX
\Fld@listcount=\count106
\c@bookmark@seq@number=\count107

(/usr/share/texlive/texmf-dist/tex/latex/oberdiek/rerunfilecheck.sty
Package: rerunfilecheck 2011/04/15 v1.7 Rerun checks for auxiliary files (HO)
Package uniquecounter Info: New unique counter `rerunfilecheck' on input line 2
82.
)
\Hy@SectionHShift=\skip47
)
(/usr/share/texlive/texmf-dist/tex/generic/babel/babel.sty
Package: babel 2008/07/08 v3.8m The Babel package

(/usr/share/texlive/texmf-dist/tex/generic/babel/english.ldf
Language: english 2005/03/30 v3.3o English support from the babel system

(/usr/share/texlive/texmf-dist/tex/generic/babel/babel.def
File: babel.def 2008/07/08 v3.8m Babel common definitions
\babel@savecnt=\count108
\U@D=\dimen110
)
\l@british = a dialect from \language\l@english 
\l@UKenglish = a dialect from \language\l@english 
\l@canadian = a dialect from \language\l@american 
\l@australian = a dialect from \language\l@british 
\l@newzealand = a dialect from \language\l@british 
))
(/usr/share/texlive/texmf-dist/tex/latex/graphics/graphicx.sty
Package: graphicx 1999/02/16 v1.0f Enhanced LaTeX Graphics (DPC,SPQR)

(/usr/share/texlive/texmf-dist/tex/latex/graphics/graphics.sty
Package: graphics 2009/02/05 v1.0o Standard LaTeX Graphics (DPC,SPQR)

(/usr/share/texlive/texmf-dist/tex/latex/graphics/trig.sty
Package: trig 1999/03/16 v1.09 sin cos tan (DPC)
)
(/usr/share/texlive/texmf-dist/tex/latex/latexconfig/graphics.cfg
File: graphics.cfg 2010/04/23 v1.9 graphics configuration of TeX Live
)
Package graphics Info: Driver file: pdftex.def on input line 91.
)
\Gin@req@height=\dimen111
\Gin@req@width=\dimen112
)
(/usr/share/texlive/texmf-dist/tex/latex/float/float.sty
Package: float 2001/11/08 v1.3d Float enhancements (AL)
\c@float@type=\count109
\float@exts=\toks16
\float@box=\box29
\@float@everytoks=\toks17
\@floatcapt=\box30
)
(/usr/share/texlive/texmf-dist/tex/latex/caption/caption.sty
Package: caption 2012/02/19 v3.2f Customizing captions (AR)

(/usr/share/texlive/texmf-dist/tex/latex/caption/caption3.sty
Package: caption3 2012/01/12 v1.4b caption3 kernel (AR)
\captionmargin=\dimen113
\captionmargin@=\dimen114
\captionwidth=\dimen115
\caption@indent=\dimen116
\caption@parindent=\dimen117
\caption@hangindent=\dimen118
)
Package caption Info: KOMA-Script document class.
\c@ContinuedFloat=\count110
Package caption Info: float package is loaded.
Package caption Info: hyperref package is loaded.
Package caption Info: listings package is loaded.
)
(/usr/share/texlive/texmf-dist/tex/latex/caption/subcaption.sty
Package: subcaption 2012/01/12 v1.1d Sub-captions (AR)
\c@subfigure=\count111
\c@subtable=\count112
)
(/usr/share/texlive/texmf-dist/tex/latex/placeins/placeins.sty
Package: placeins 2005/04/18  v 2.2
)
(/usr/share/texlive/texmf-dist/tex/latex/multirow/multirow.sty
\bigstrutjot=\dimen119
)
(/usr/share/texlive/texmf-dist/tex/latex/listings/lstlang1.sty
File: lstlang1.sty 2004/09/05 1.3 listings language file
)
(/usr/share/texlive/texmf-dist/tex/latex/listings/lstlang1.sty
File: lstlang1.sty 2004/09/05 1.3 listings language file
)
(/usr/share/texlive/texmf-dist/tex/latex/listings/lstmisc.sty
File: lstmisc.sty 2007/02/22 1.4 (Carsten Heinz)
) (./overview.aux)
\openout1 = `overview.aux'.

LaTeX Font Info:    Checking defaults for OML/cmm/m/it on input line 44.
LaTeX Font Info:    ... okay on input line 44.
LaTeX Font Info:    Checking defaults for T1/cmr/m/n on input line 44.
LaTeX Font Info:    ... okay on input line 44.
LaTeX Font Info:    Checking defaults for OT1/cmr/m/n on input line 44.
LaTeX Font Info:    ... okay on input line 44.
LaTeX Font Info:    Checking defaults for OMS/cmsy/m/n on input line 44.
LaTeX Font Info:    ... okay on input line 44.
LaTeX Font Info:    Checking defaults for OMX/cmex/m/n on input line 44.
LaTeX Font Info:    ... okay on input line 44.
LaTeX Font Info:    Checking defaults for U/cmr/m/n on input line 44.
LaTeX Font Info:    ... okay on input line 44.
LaTeX Font Info:    Checking defaults for TS1/cmr/m/n on input line 44.
LaTeX Font Info:    Try loading font information for TS1+cmr on input line 44.
(/usr/share/texlive/texmf-dist/tex/latex/base/ts1cmr.fd
File: ts1cmr.fd 1999/05/25 v2.5h Standard LaTeX font definitions
)
LaTeX Font Info:    ... okay on input line 44.
LaTeX Font Info:    Checking defaults for PD1/pdf/m/n on input line 44.
LaTeX Font Info:    ... okay on input line 44.
\c@lstlisting=\count113

(/usr/share/texlive/texmf-dist/tex/context/base/supp-pdf.mkii
[Loading MPS to PDF converter (version 2006.09.02).]
\scratchcounter=\count114
\scratchdimen=\dimen120
\scratchbox=\box31
\nofMPsegments=\count115
\nofMParguments=\count116
\everyMPshowfont=\toks18
\MPscratchCnt=\count117
\MPscratchDim=\dimen121
\MPnumerator=\count118
\makeMPintoPDFobject=\count119
\everyMPtoPDFconversion=\toks19
)
\AtBeginShipoutBox=\box32
Package hyperref Info: Link coloring OFF on input line 44.
 (/usr/share/texlive/texmf-dist/tex/latex/hyperref/nameref.sty
Package: nameref 2010/04/30 v2.40 Cross-referencing by name of section

(/usr/share/texlive/texmf-dist/tex/generic/oberdiek/gettitlestring.sty
Package: gettitlestring 2010/12/03 v1.4 Cleanup title references (HO)
)
\c@section@level=\count120
)
LaTeX Info: Redefining \ref on input line 44.
LaTeX Info: Redefining \pageref on input line 44.
LaTeX Info: Redefining \nameref on input line 44.

(./overview.out) (./overview.out)
\@outlinefile=\write3
\openout3 = `overview.out'.


(/usr/share/texlive/texmf-dist/tex/latex/oberdiek/epstopdf-base.sty
Package: epstopdf-base 2010/02/09 v2.5 Base part for package epstopdf

(/usr/share/texlive/texmf-dist/tex/latex/oberdiek/grfext.sty
Package: grfext 2010/08/19 v1.1 Manage graphics extensions (HO)
)
Package grfext Info: Graphics extension search list:
(grfext)             [.png,.pdf,.jpg,.mps,.jpeg,.jbig2,.jb2,.PNG,.PDF,.JPG,.JPE
G,.JBIG2,.JB2,.eps]
(grfext)             \AppendGraphicsExtensions on input line 452.

(/usr/share/texlive/texmf-dist/tex/latex/latexconfig/epstopdf-sys.cfg
File: epstopdf-sys.cfg 2010/07/13 v1.3 Configuration of (r)epstopdf for TeX Liv
e
))
Package caption Info: Begin \AtBeginDocument code.
Package caption Info: End \AtBeginDocument code.
LaTeX Font Info:    External font `cmex10' loaded for size
(Font)              <14.4> on input line 47.
LaTeX Font Info:    External font `cmex10' loaded for size
(Font)              <7> on input line 47.

[1



{/var/lib/texmf/fonts/map/pdftex/updmap/pdftex.map}] (./overview.toc
LaTeX Font Info:    External font `cmex10' loaded for size
(Font)              <10.95> on input line 3.
LaTeX Font Info:    External font `cmex10' loaded for size
(Font)              <8> on input line 3.
LaTeX Font Info:    External font `cmex10' loaded for size
(Font)              <6> on input line 3.
)
\tf@toc=\write4
\openout4 = `overview.toc'.


[2

]
Chapter 1.

Class scrreprt Warning: \float@addtolists detected!
(scrreprt)              You should use the features of package `tocbasic'
(scrreprt)              instead of \float@addtolists.
(scrreprt)              Support for \float@addtolists may be removed from
(scrreprt)              `scrreprt' soon .

[3

] [4]
Chapter 2.
[5

] <images/screenshot1.png, id=183, 818.05624pt x 664.4825pt>
File: images/screenshot1.png Graphic file (type png)

<use images/screenshot1.png>
Package pdftex.def Info: images/screenshot1.png used on input line 187.
(pdftex.def)             Requested size: 292.7776pt x 237.8143pt.

<images/screenshot2.png, id=184, 228.855pt x 128.48pt>
File: images/screenshot2.png Graphic file (type png)

<use images/screenshot2.png>
Package pdftex.def Info: images/screenshot2.png used on input line 193.
(pdftex.def)             Requested size: 209.12778pt x 117.40904pt.

<images/screenshot3.png, id=186, 649.627pt x 354.123pt>
File: images/screenshot3.png Graphic file (type png)

<use images/screenshot3.png>
Package pdftex.def Info: images/screenshot3.png used on input line 203.
(pdftex.def)             Requested size: 397.34149pt x 216.59286pt.

<images/screenshot4.png, id=187, 238.491pt x 93.951pt>
File: images/screenshot4.png Graphic file (type png)

<use images/screenshot4.png>
Package pdftex.def Info: images/screenshot4.png used on input line 214.
(pdftex.def)             Requested size: 250.95587pt x 98.86363pt.

<images/screenshot5.png, id=188, 604.2575pt x 519.9425pt>
File: images/screenshot5.png Graphic file (type png)

<use images/screenshot5.png>
Package pdftex.def Info: images/screenshot5.png used on input line 222.
(pdftex.def)             Requested size: 397.34149pt x 341.90166pt.

<images/screenshot6.png, id=189, 800.9925pt x 642.4pt>
File: images/screenshot6.png Graphic file (type png)

<use images/screenshot6.png>
Package pdftex.def Info: images/screenshot6.png used on input line 228.
(pdftex.def)             Requested size: 418.25555pt x 335.45164pt.

<images/screenshot7.png, id=190, 133.298pt x 59.422pt>
File: images/screenshot7.png Graphic file (type png)

<use images/screenshot7.png>
Package pdftex.def Info: images/screenshot7.png used on input line 236.
(pdftex.def)             Requested size: 125.47794pt x 55.93555pt.

<images/screenshot8.png, id=191, 225.643pt x 301.125pt>
File: images/screenshot8.png Graphic file (type png)

<use images/screenshot8.png>
Package pdftex.def Info: images/screenshot8.png used on input line 241.
(pdftex.def)             Requested size: 209.12778pt x 279.08302pt.

<images/screenshot9.png, id=192, 132.495pt x 52.998pt>
File: images/screenshot9.png Graphic file (type png)

<use images/screenshot9.png>
Package pdftex.def Info: images/screenshot9.png used on input line 249.
(pdftex.def)             Requested size: 125.47794pt x 50.19173pt.


LaTeX Warning: No positions in optional float specifier.
               Default added (so using `!tbp') on input line 252.

<images/screenshot10.png, id=193, 375.804pt x 281.853pt>
File: images/screenshot10.png Graphic file (type png)

<use images/screenshot10.png>
Package pdftex.def Info: images/screenshot10.png used on input line 257.
(pdftex.def)             Requested size: 250.95587pt x 188.21692pt.

<images/screenshot11.png, id=194, 343.2825pt x 415.5525pt>
File: images/screenshot11.png Graphic file (type png)

<use images/screenshot11.png>
Package pdftex.def Info: images/screenshot11.png used on input line 262.
(pdftex.def)             Requested size: 209.12778pt x 253.15059pt.

Overfull \hbox (49.1281pt too wide) in paragraph at lines 253--264
[]$   $[]$ 
 []

<images/screenshot12.png, id=195, 798.985pt x 635.37375pt>
File: images/screenshot12.png Graphic file (type png)

<use images/screenshot12.png>
Package pdftex.def Info: images/screenshot12.png used on input line 269.
(pdftex.def)             Requested size: 397.34149pt x 315.97977pt.
 [6 <./images/screenshot1.png>] [7 <./images/screenshot2.png> <./images/screens
hot3.png>] [8 <./images/screenshot4.png> <./images/screenshot5.png (PNG copy)>]
 [9 <./images/screenshot6.png (PNG copy)> <./images/screenshot7.png>] [10 <./im
ages/screenshot8.png> <./images/screenshot9.png>]
[11 <./images/screenshot10.png> <./images/screenshot11.png (PNG copy)>]
[12 <./images/screenshot12.png (PNG copy)>]
<images/screenshot13.png, id=248, 701.62125pt x 78.2925pt>
File: images/screenshot13.png Graphic file (type png)

<use images/screenshot13.png>
Package pdftex.def Info: images/screenshot13.png used on input line 284.
(pdftex.def)             Requested size: 376.42744pt x 42.00612pt.
Missing character: There is no Â in font cmr10!
Missing character: There is no « in font cmr10!
Missing character: There is no Â in font cmr10!
Missing character: There is no » in font cmr10!
Missing character: There is no Â in font cmr10!
Missing character: There is no « in font cmr10!
Missing character: There is no Â in font cmr10!
Missing character: There is no » in font cmr10!

<images/screenshot14.png, id=249, 291.0875pt x 153.57375pt>
File: images/screenshot14.png Graphic file (type png)

<use images/screenshot14.png>
Package pdftex.def Info: images/screenshot14.png used on input line 292.
(pdftex.def)             Requested size: 167.29967pt x 88.26671pt.

<images/screenshot15.png, id=250, 719.68875pt x 205.76875pt>
File: images/screenshot15.png Graphic file (type png)

<use images/screenshot15.png>
Package pdftex.def Info: images/screenshot15.png used on input line 298.
(pdftex.def)             Requested size: 376.42744pt x 107.62831pt.

<images/screenshot16.png, id=251, 312.16624pt x 150.5625pt>
File: images/screenshot16.png Graphic file (type png)

<use images/screenshot16.png>
Package pdftex.def Info: images/screenshot16.png used on input line 307.
(pdftex.def)             Requested size: 250.95587pt x 121.04288pt.

<images/screenshot17.png, id=252, 737.75626pt x 124.465pt>
File: images/screenshot17.png Graphic file (type png)

<use images/screenshot17.png>
Package pdftex.def Info: images/screenshot17.png used on input line 316.
(pdftex.def)             Requested size: 397.34149pt x 67.03346pt.

<images/screenshot18.png, id=253, 800.9925pt x 636.3775pt>
File: images/screenshot18.png Graphic file (type png)

<use images/screenshot18.png>
Package pdftex.def Info: images/screenshot18.png used on input line 322.
(pdftex.def)             Requested size: 292.7776pt x 232.61086pt.
 [13

 <./images/screenshot13.png (PNG copy)> <./images/screenshot14.png (PNG copy)> 
<./images/screenshot15.png (PNG copy)>]
[14 <./images/screenshot16.png (PNG copy)> <./images/screenshot17.png (PNG copy
)> <./images/screenshot18.png (PNG copy)>]
<images/screenshot19.png, id=270, 907.39pt x 630.355pt>
File: images/screenshot19.png Graphic file (type png)

<use images/screenshot19.png>
Package pdftex.def Info: images/screenshot19.png used on input line 337.
(pdftex.def)             Requested size: 376.42744pt x 261.49626pt.

<images/screenshot20.png, id=271, 812.03375pt x 97.36375pt>
File: images/screenshot20.png Graphic file (type png)

<use images/screenshot20.png>
Package pdftex.def Info: images/screenshot20.png used on input line 343.
(pdftex.def)             Requested size: 418.25555pt x 50.14807pt.

<images/screenshot21.png, id=272, 553.06625pt x 109.40875pt>
File: images/screenshot21.png Graphic file (type png)

<use images/screenshot21.png>
Package pdftex.def Info: images/screenshot21.png used on input line 349.
(pdftex.def)             Requested size: 292.7776pt x 57.9179pt.

<images/screenshot22.png, id=273, 162.6075pt x 64.24pt>
File: images/screenshot22.png Graphic file (type png)

<use images/screenshot22.png>
Package pdftex.def Info: images/screenshot22.png used on input line 355.
(pdftex.def)             Requested size: 125.47794pt x 49.57277pt.

<images/screenshot23.png, id=274, 781.92125pt x 495.8525pt>
File: images/screenshot23.png Graphic file (type png)

<use images/screenshot23.png>
Package pdftex.def Info: images/screenshot23.png used on input line 365.
(pdftex.def)             Requested size: 376.42744pt x 238.71014pt.

<images/screenshot24.png, id=275, 708.6475pt x 602.25pt>
File: images/screenshot24.png Graphic file (type png)

<use images/screenshot24.png>
Package pdftex.def Info: images/screenshot24.png used on input line 372.
(pdftex.def)             Requested size: 418.25555pt x 355.46225pt.
 [15 <./images/screenshot19.png (PNG copy)> <./images/screenshot20.png>] [16 <.
/images/screenshot21.png> <./images/screenshot22.png (PNG copy)> <./images/scre
enshot23.png>] [17 <./images/screenshot24.png>]
[18]
Chapter 3.
[19

] <images/systemMap1.png, id=316, 947.54pt x 216.81pt>
File: images/systemMap1.png Graphic file (type png)

<use images/systemMap1.png>
Package pdftex.def Info: images/systemMap1.png used on input line 435.
(pdftex.def)             Requested size: 418.25555pt x 95.70105pt.

<images/systemMap2.png, id=318, 945.5325pt x 345.29pt>
File: images/systemMap2.png Graphic file (type png)

<use images/systemMap2.png>
Package pdftex.def Info: images/systemMap2.png used on input line 442.
(pdftex.def)             Requested size: 418.25555pt x 152.73944pt.
 [20 <./images/systemMap1.png> <./images/systemMap2.png>]
LaTeX Font Info:    External font `cmex10' loaded for size
(Font)              <5> on input line 464.
LaTeX Font Info:    Font shape `OT1/cmtt/bx/n' in size <10> not available
(Font)              Font shape `OT1/cmtt/m/n' tried instead on input line 480.
LaTeX Font Info:    Try loading font information for OMS+cmr on input line 496.

 (/usr/share/texlive/texmf-dist/tex/latex/base/omscmr.fd
File: omscmr.fd 1999/05/25 v2.5h Standard LaTeX font definitions
)
LaTeX Font Info:    Font shape `OMS/cmr/m/n' in size <10> not available
(Font)              Font shape `OMS/cmsy/m/n' tried instead on input line 496.
 [21] [22]
LaTeX Font Info:    Try loading font information for OML+cmr on input line 571.


(/usr/share/texlive/texmf-dist/tex/latex/base/omlcmr.fd
File: omlcmr.fd 1999/05/25 v2.5h Standard LaTeX font definitions
)
LaTeX Font Info:    Font shape `OML/cmr/m/n' in size <10> not available
(Font)              Font shape `OML/cmm/m/it' tried instead on input line 571.
 [23] [24]
(/usr/share/texlive/texmf-dist/tex/latex/listings/lstlang1.sty
File: lstlang1.sty 2004/09/05 1.3 listings language file
)
(/usr/share/texlive/texmf-dist/tex/latex/listings/lstlang2.sty
File: lstlang2.sty 2004/09/05 1.3 listings language file
)
(/usr/share/texlive/texmf-dist/tex/latex/listings/lstmisc.sty
File: lstmisc.sty 2007/02/22 1.4 (Carsten Heinz)
)
LaTeX Font Info:    Try loading font information for TS1+cmtt on input line 682
.

(/usr/share/texlive/texmf-dist/tex/latex/base/ts1cmtt.fd
File: ts1cmtt.fd 1999/05/25 v2.5h Standard LaTeX font definitions
) [25]
<images/screenshot25.png, id=583, 583.781pt x 128.48pt>
File: images/screenshot25.png Graphic file (type png)

<use images/screenshot25.png>
Package pdftex.def Info: images/screenshot25.png used on input line 744.
(pdftex.def)             Requested size: 418.25555pt x 92.05461pt.

<images/screenshot26.png, id=584, 799.98875pt x 231.86626pt>
File: images/screenshot26.png Graphic file (type png)

<use images/screenshot26.png>
Package pdftex.def Info: images/screenshot26.png used on input line 750.
(pdftex.def)             Requested size: 418.25555pt x 121.22566pt.

<images/screenshot28.png, id=585, 808.01875pt x 641.39626pt>
File: images/screenshot28.png Graphic file (type png)

<use images/screenshot28.png>
Package pdftex.def Info: images/screenshot28.png used on input line 756.
(pdftex.def)             Requested size: 292.7776pt x 232.39987pt.
 [26] [27 <./images/screenshot25.png> <./images/screenshot26.png> <./images/scr
eenshot28.png>]
<images/callBacks.png, id=638, 510.708pt x 611.083pt>
File: images/callBacks.png Graphic file (type png)

<use images/callBacks.png>
Package pdftex.def Info: images/callBacks.png used on input line 770.
(pdftex.def)             Requested size: 376.42744pt x 450.4227pt.
 [28 <./images/callBacks.png>]
Overfull \hbox (32.73502pt too wide) in paragraph at lines 786--788
[]\OT1/cmr/m/n/10.95 in the plu-gin's im-ple-men-ta-tion file: \OT1/cmtt/m/n/10
.95 Q[]EXPORT[]PLUGIN2(ProgName, MainClassName) 
 []

(/usr/share/texlive/texmf-dist/tex/latex/listings/lstlang1.sty
File: lstlang1.sty 2004/09/05 1.3 listings language file
)
(/usr/share/texlive/texmf-dist/tex/latex/listings/lstlang1.sty
File: lstlang1.sty 2004/09/05 1.3 listings language file
) [29]
<images/plugins.png, id=663, 189.39725pt x 214.31793pt>
File: images/plugins.png Graphic file (type png)

<use images/plugins.png>
Package pdftex.def Info: images/plugins.png used on input line 846.
(pdftex.def)             Requested size: 125.47794pt x 141.98985pt.
 [30 <./images/plugins.png>]
Underfull \hbox (badness 10000) in paragraph at lines 883--887

 []


Underfull \hbox (badness 1158) in paragraph at lines 896--898
[]\OT1/cmr/m/n/10.95 Once the scene is cre-ated, this
 []


Underfull \hbox (badness 10000) in paragraph at lines 916--918

 []

[31] [32] [33]
Overfull \hbox (10.98329pt too wide) in paragraph at lines 1060--1065
\OT1/cmr/m/n/10.95 The class \OT1/cmr/bx/n/10.95 Cam-era \OT1/cmr/m/n/10.95 in-
her-its the class []\OT1/cmr/bx/n/10.95 qglviewer::Camera[] \OT1/cmr/m/n/10.95 
pro-vided by the \OT1/cmr/bx/n/10.95 libQGLViewer
 []


Overfull \hbox (39.96172pt too wide) in paragraph at lines 1078--1101
 [] 
 []


Overfull \hbox (31.35384pt too wide) in paragraph at lines 1107--1127
 [] 
 []

[34]
Underfull \hbox (badness 3525) in paragraph at lines 1139--1142
\OT1/cmr/m/n/10.95 ``\OT1/cmtt/m/n/10.95 exportImage()\OT1/cmr/m/n/10.95 '' to 
be called when the cus-
 []


Underfull \hbox (badness 1668) in paragraph at lines 1139--1142
\OT1/cmr/m/n/10.95 tom en-try is clicked, this ar-gu-ment should be
 []


Overfull \hbox (27.33882pt too wide) in paragraph at lines 1133--1151
 [] 
 []


Overfull \hbox (11.73509pt too wide) in paragraph at lines 1155--1167
 [] 
 []


Overfull \hbox (57.96846pt too wide) in paragraph at lines 1177--1193
 [] 
 []

[35] [36]
Overfull \hbox (28.86978pt too wide) in paragraph at lines 1246--1255
 [] 
 []


Overfull \hbox (11.4944pt too wide) in paragraph at lines 1256--1265
 [] 
 []


Overfull \hbox (30.16762pt too wide) in paragraph at lines 1270--1283
 [] 
 []


Overfull \hbox (35.97722pt too wide) in paragraph at lines 1284--1296
 [] 
 []


Underfull \hbox (badness 1953) in paragraph at lines 1307--1308
[]\OT1/cmr/m/n/10.95 A boolean whether or not the
 []

[37]
Overfull \hbox (5.4154pt too wide) in paragraph at lines 1356--1362
\OT1/cmr/m/n/10.95 niz-able name. Ac-tu-ally this class ex-tends \OT1/cmr/bx/n/
10.95 CGoGN\OT1/cmr/m/n/10.95 's VBO class (\OT1/cmr/bx/n/10.95 CGoGN::Utils::V
BO\OT1/cmr/m/n/10.95 )
 []

[38]
Overfull \hbox (10.07529pt too wide) in paragraph at lines 1429--1446
 [] 
 []

[39]
Overfull \hbox (10.07529pt too wide) in paragraph at lines 1447--1461
 [] 
 []

Package atveryend Info: Empty hook `BeforeClearDocument' on input line 1489.
[40]
Package atveryend Info: Empty hook `AfterLastShipout' on input line 1489.
 (./overview.aux)
Package atveryend Info: Executing hook `AtVeryEndDocument' on input line 1489.
Package atveryend Info: Executing hook `AtEndAfterFileList' on input line 1489.

Package rerunfilecheck Info: File `overview.out' has not changed.
(rerunfilecheck)             Checksum: EE952F43E41B232A1AA515B0515497FD;1769.
Package atveryend Info: Empty hook `AtVeryVeryEnd' on input line 1489.
 ) 
Here is how much of TeX's memory you used:
 10500 strings out of 495059
 163274 string characters out of 3182030
 565675 words of memory out of 3000000
 13080 multiletter control sequences out of 15000+200000
 11343 words of font info for 40 fonts, out of 3000000 for 9000
 14 hyphenation exceptions out of 8191
 40i,8n,58p,225b,1829s stack positions out of 5000i,500n,10000p,200000b,50000s
 </home/kraemer/.texmf-var/fonts/pk/ljfour/jknappen/ec/tctt1000.600pk> </home
/kraemer/.texmf-var/fonts/pk/ljfour/jknappen/ec/tcrm1000.600pk> </home/kraemer/
.texmf-var/fonts/pk/ljfour/jknappen/ec/tcrm1095.600pk></usr/share/texlive/texmf
-dist/fonts/type1/public/amsfonts/cm/cmbx10.pfb></usr/share/texlive/texmf-dist/
fonts/type1/public/amsfonts/cm/cmmi10.pfb></usr/share/texlive/texmf-dist/fonts/
type1/public/amsfonts/cm/cmr10.pfb></usr/share/texlive/texmf-dist/fonts/type1/p
ublic/amsfonts/cm/cmr12.pfb></usr/share/texlive/texmf-dist/fonts/type1/public/a
msfonts/cm/cmr9.pfb></usr/share/texlive/texmf-dist/fonts/type1/public/amsfonts/
cm/cmssbx10.pfb></usr/share/texlive/texmf-dist/fonts/type1/public/amsfonts/cm/c
msy10.pfb></usr/share/texlive/texmf-dist/fonts/type1/public/amsfonts/cm/cmti10.
pfb></usr/share/texlive/texmf-dist/fonts/type1/public/amsfonts/cm/cmtt10.pfb>
Output written on overview.pdf (40 pages, 989590 bytes).
PDF statistics:
 918 PDF objects out of 1000 (max. 8388607)
 810 compressed objects within 9 object streams
 451 named destinations out of 1000 (max. 500000)
 364 words of extra memory for PDF output out of 10000 (max. 10000000)

